Removed Pin From Net: NetName=PC13 Pin=J4-1
Removed Pin From Net: NetName=PA3 Pin=J4-2
Removed Pin From Net: NetName=PB13 Pin=J4-3
Removed Pin From Net: NetName=PB14 Pin=J4-4
Removed Pin From Net: NetName=PB15 Pin=J4-5
Removed Pin From Net: NetName=PB4 Pin=J4-6
Change Component Footprint: Designator=J4 Old Footprint=BARRA DE PINOS 11 PIN -MACHO New Footprint=CON6_100_59D78_TH_ST_Duplicate
Change Component Comment : Designator=J4 Old Comment=BARRA DE PINOS 11 New Comment=2X3 Berg Strip
Change component parameters: Designator = "J4" ("J4"); Footprint = "BARRA DE PINOS 11 PIN -MACHO"; UniqueID = "\LSFYIVHF" ("\LSFYIVHF")
Change component parameters (AddParameter): Name = "Case/Package"; Value = "TH"; VariantName = "[No Variations]"
Change component parameters (AddParameter): Name = "Manufacturer"; Value = "NA"; VariantName = "[No Variations]"
Change component parameters (AddParameter): Name = "Manufacturer Part Number"; Value = "NA"; VariantName = "[No Variations]"
Change component parameters (AddParameter): Name = "Supplier Part Number-1"; Value = "NA"; VariantName = "[No Variations]"
Change component parameters (AddParameter): Name = "Supplier-1"; Value = "NA"; VariantName = "[No Variations]"
Added Component: Designator=J13(CON6_100_59D78_TH_ST_Duplicate)
Add component (AddParameter): Name = "Case/Package"; Value = "TH"; VariantName = "[No Variations]"
Add component (AddParameter): Name = "Manufacturer"; Value = "NA"; VariantName = "[No Variations]"
Add component (AddParameter): Name = "Manufacturer Part Number"; Value = "NA"; VariantName = "[No Variations]"
Add component (AddParameter): Name = "Supplier Part Number-1"; Value = "NA"; VariantName = "[No Variations]"
Add component (AddParameter): Name = "Supplier-1"; Value = "NA"; VariantName = "[No Variations]"
Added Component: Designator=J14(CON8_100_59D78_TH_ST_Duplicate)
Added Pin To Net: NetName=+3V3 Pin=J4-1
Added Pin To Net: NetName=+3V3 Pin=J4-2
Added Pin To Net: NetName=+5V Pin=J4-3
Added Pin To Net: NetName=+5V Pin=J4-4
Added Pin To Net: NetName=GND Pin=J4-5
Added Pin To Net: NetName=GND Pin=J4-6
Added Pin To Net: NetName=PB14 Pin=J13-1
Added Pin To Net: NetName=PC13 Pin=J13-2
Added Pin To Net: NetName=PB15 Pin=J13-3
Added Pin To Net: NetName=PA3 Pin=J13-4
Added Pin To Net: NetName=PB4 Pin=J13-5
Added Pin To Net: NetName=PB13 Pin=J13-6
Added Pin To Net: NetName=SPI1_NSS Pin=J14-1
Added Pin To Net: NetName=SPI1_SCK Pin=J14-2
Added Pin To Net: NetName=SPI1_MISO Pin=J14-3
Added Pin To Net: NetName=SPI1_MOSI Pin=J14-4
Added Pin To Net: NetName=+3V3 Pin=J14-5
Added Pin To Net: NetName=+5V Pin=J14-6
Added Pin To Net: NetName=GND Pin=J14-7
Added Pin To Net: NetName=GND Pin=J14-8
