Removed Pin From Net: NetName=+3V3 Pin=C1-2
Removed Pin From Net: NetName=+3V3 Pin=C2-2
Removed Pin From Net: NetName=+3V3 Pin=C3-2
Removed Pin From Net: NetName=+5V Pin=C8-2
Removed Pin From Net: NetName=+3V3 Pin=C9-2
Removed Pin From Net: NetName=+5V Pin=C12-2
Removed Pin From Net: NetName=GND Pin=J1-1
Removed Pin From Net: NetName=SWCLK Pin=J1-2
Removed Pin From Net: NetName=SWDIO Pin=J1-3
Removed Pin From Net: NetName=+3V3 Pin=J1-4
Removed Pin From Net: NetName=+3V3 Pin=J2-1
Removed Pin From Net: NetName=+3V3 Pin=J2-2
Removed Pin From Net: NetName=BOOT0 Pin=J2-3
Removed Pin From Net: NetName=BOOT1 Pin=J2-4
Removed Pin From Net: NetName=GND Pin=J2-5
Removed Pin From Net: NetName=GND Pin=J2-6
Removed Member From Class: ClassName=[1]-Controller_Page Member=C1
Removed Member From Class: ClassName=[1]-Controller_Page Member=C2
Removed Member From Class: ClassName=[1]-Controller_Page Member=C3
Removed Member From Class: ClassName=[1]-Controller_Page Member=C4
Removed Member From Class: ClassName=[1]-Controller_Page Member=C14
Removed Member From Class: ClassName=[1]-Controller_Page Member=C15
Removed Member From Class: ClassName=[1]-Controller_Page Member=J1
Removed Member From Class: ClassName=[1]-Controller_Page Member=J2
Removed Member From Class: ClassName=[2]- Connector_Page Member=J4
Removed Member From Class: ClassName=[2]- Connector_Page Member=J5
Change Component Footprint: Designator=C12 Old Footprint=CAP_0603 New Footprint=CAP_0805
Change Component Footprint: Designator=C13 Old Footprint=CAP_0603 New Footprint=CAP_0805
Change Component Footprint: Designator=C14 Old Footprint=CAP_0603 New Footprint=CAP_0805
Change Component Footprint: Designator=J1 Old Footprint=CON4_100_40D72_TH_ST_MALE New Footprint=CON6_100_59D78_TH_ST_Duplicate
Change Component Footprint: Designator=J2 Old Footprint=CON6_100_59D78_TH_ST_Duplicate New Footprint=CON4_100_40D72_TH_ST_MALE
Change Component Comment : Designator=C8 Old Comment=0.1uF New Comment=1uF
Change Component Comment : Designator=C1 Old Comment=0.1uF New Comment=2.2u
Change Component Comment : Designator=C2 Old Comment=0.1uF New Comment=2.2u
Change Component Comment : Designator=C9 Old Comment=0.1uF New Comment=22pF
Change Component Comment : Designator=C10 Old Comment=1uF New Comment=2.2u
Change Component Comment : Designator=C12 Old Comment=2.2u New Comment=0.1uF
Change Component Comment : Designator=C13 Old Comment=2.2u New Comment=0.1uF
Change Component Comment : Designator=C14 Old Comment=2.2u New Comment=0.1uF
Change Component Comment : Designator=J2 Old Comment=2X3 Berg Strip New Comment=4X1 Bergstrip
Change Component Comment : Designator=J1 Old Comment=4X1 Bergstrip New Comment=2X3 Berg Strip
Change Component Comment : Designator=C11 Old Comment=22pF New Comment=0.1uF
Change component parameters: Designator = "J1" ("J1"); Footprint = "CON4_100_40D72_TH_ST_MALE"; UniqueID = "\TXTIPIXX" ("\TXTIPIXX")
Change component parameters (AddParameter): Name = "Case/Package"; Value = "TH"; VariantName = "[No Variations]"
Change component parameters (AddParameter): Name = "Manufacturer"; Value = "NA"; VariantName = "[No Variations]"
Change component parameters (AddParameter): Name = "Manufacturer Part Number"; Value = "NA"; VariantName = "[No Variations]"
Change component parameters (AddParameter): Name = "Supplier Part Number-1"; Value = "NA"; VariantName = "[No Variations]"
Change component parameters (AddParameter): Name = "Supplier-1"; Value = "NA"; VariantName = "[No Variations]"
Change component parameters: Designator = "J2" ("J2"); Footprint = "CON6_100_59D78_TH_ST_Duplicate"; UniqueID = "\VPOESSDR" ("\VPOESSDR")
Change component parameters (AddParameter): Name = "Case/Package"; Value = "TH"; VariantName = "[No Variations]"
Change component parameters (AddParameter): Name = "Manufacturer"; Value = "NA"; VariantName = "[No Variations]"
Change component parameters (AddParameter): Name = "Manufacturing Part Number"; Value = "NA"; VariantName = "[No Variations]"
Change component parameters (AddParameter): Name = "Supplier Part Number-1"; Value = "NA"; VariantName = "[No Variations]"
Change component parameters (AddParameter): Name = "Supplier-1"; Value = "NA"; VariantName = "[No Variations]"
Change component parameters: Designator = "C8" ("C8"); Footprint = "CAP_0805"; UniqueID = "\BJLJVHGJ" ("\BJLJVHGJ")
Change component parameters (AddParameter): Name = "Case/Package"; Value = "0805 (2012 Metric)"; VariantName = "[No Variations]"
Change component parameters (AddParameter): Name = "Manufacturer"; Value = "Yageo"; VariantName = "[No Variations]"
Change component parameters (AddParameter): Name = "Manufacturing Part Number"; Value = "CC0805JKX7R9BB105"; VariantName = "[No Variations]"
Change component parameters (AddParameter): Name = "Supplier Part Number-1"; Value = "311-3498-1-ND"; VariantName = "[No Variations]"
Change component parameters (AddParameter): Name = "Supplier-1"; Value = "Digikey"; VariantName = "[No Variations]"
Change component parameters: Designator = "C9" ("C9"); Footprint = "CAP_0805"; UniqueID = "\LBYZGDOZ" ("\LBYZGDOZ")
Change component parameters (AddParameter): Name = "Case/Package"; Value = "0805"; VariantName = "[No Variations]"
Change component parameters (AddParameter): Name = "Manufacturer"; Value = "KEMET"; VariantName = "[No Variations]"
Change component parameters (AddParameter): Name = "Manufacturer Part Number"; Value = "C0805C220J5GACTU"; VariantName = "[No Variations]"
Change component parameters (AddParameter): Name = "Supplier Part Number-1"; Value = "399-1113-1-ND"; VariantName = "[No Variations]"
Change component parameters (AddParameter): Name = "Supplier-1"; Value = "Digikey"; VariantName = "[No Variations]"
Change component parameters: Designator = "C11" ("C11"); Footprint = "CAP_0805"; UniqueID = "\TCUXYSIZ" ("\TCUXYSIZ")
Change component parameters (AddParameter): Name = "Case/Package"; Value = "0805 (2012 Metric)"; VariantName = "[No Variations]"
Change component parameters (AddParameter): Name = "Manufacturer"; Value = "KEMET"; VariantName = "[No Variations]"
Change component parameters (AddParameter): Name = "Manufacturing Part Number"; Value = "C0805C104J5RACTU"; VariantName = "[No Variations]"
Change component parameters (AddParameter): Name = "Supplier Part Number-1"; Value = "399-1171-1-ND"; VariantName = "[No Variations]"
Change component parameters (AddParameter): Name = "Supplier-1"; Value = "Digikey"; VariantName = "[No Variations]"
Change component parameters: Designator = "C1" ("C1"); Footprint = "CAP_0805"; UniqueID = "\HAPTRJNN" ("\HAPTRJNN")
Change component parameters (AddParameter): Name = "Dielectric"; Value = ""; VariantName = "[No Variations]"
Change component parameters (AddParameter): Name = "Distributor Link"; Value = ""; VariantName = "[No Variations]"
Change component parameters (AddParameter): Name = "LCSC"; Value = ""; VariantName = "[No Variations]"
Change component parameters (AddParameter): Name = "Manufacturer"; Value = ""; VariantName = "[No Variations]"
Change component parameters (AddParameter): Name = "Manufacturer Part Number"; Value = ""; VariantName = "[No Variations]"
Change component parameters (AddParameter): Name = "Rating"; Value = ""; VariantName = "[No Variations]"
Change component parameters: Designator = "C2" ("C2"); Footprint = "CAP_0805"; UniqueID = "\INNNCSHX" ("\INNNCSHX")
Change component parameters (AddParameter): Name = "Dielectric"; Value = ""; VariantName = "[No Variations]"
Change component parameters (AddParameter): Name = "Distributor Link"; Value = ""; VariantName = "[No Variations]"
Change component parameters (AddParameter): Name = "LCSC"; Value = ""; VariantName = "[No Variations]"
Change component parameters (AddParameter): Name = "Manufacturer"; Value = ""; VariantName = "[No Variations]"
Change component parameters (AddParameter): Name = "Manufacturer Part Number"; Value = ""; VariantName = "[No Variations]"
Change component parameters (AddParameter): Name = "Rating"; Value = ""; VariantName = "[No Variations]"
Change component parameters: Designator = "C10" ("C10"); Footprint = "CAP_0805"; UniqueID = "\CUVWDYUQ" ("\CUVWDYUQ")
Change component parameters (AddParameter): Name = "Dielectric"; Value = ""; VariantName = "[No Variations]"
Change component parameters (AddParameter): Name = "Distributor Link"; Value = ""; VariantName = "[No Variations]"
Change component parameters (AddParameter): Name = "LCSC"; Value = ""; VariantName = "[No Variations]"
Change component parameters (AddParameter): Name = "Manufacturer"; Value = ""; VariantName = "[No Variations]"
Change component parameters (AddParameter): Name = "Manufacturer Part Number"; Value = ""; VariantName = "[No Variations]"
Change component parameters (AddParameter): Name = "Rating"; Value = ""; VariantName = "[No Variations]"
Change component parameters: Designator = "C12" ("C12"); Footprint = "CAP_0603"; UniqueID = "\IMYXRUUE" ("\IMYXRUUE")
Change component parameters (AddParameter): Name = "Case/Package"; Value = "0805 (2012 Metric)"; VariantName = "[No Variations]"
Change component parameters (AddParameter): Name = "Manufacturer"; Value = "KEMET"; VariantName = "[No Variations]"
Change component parameters (AddParameter): Name = "Manufacturing Part Number"; Value = "C0805C104J5RACTU"; VariantName = "[No Variations]"
Change component parameters (AddParameter): Name = "Supplier Part Number-1"; Value = "399-1171-1-ND"; VariantName = "[No Variations]"
Change component parameters (AddParameter): Name = "Supplier-1"; Value = "Digikey"; VariantName = "[No Variations]"
Change component parameters: Designator = "C13" ("C13"); Footprint = "CAP_0603"; UniqueID = "\VGVSTQGU" ("\VGVSTQGU")
Change component parameters (AddParameter): Name = "Case/Package"; Value = "0805 (2012 Metric)"; VariantName = "[No Variations]"
Change component parameters (AddParameter): Name = "Manufacturer"; Value = "KEMET"; VariantName = "[No Variations]"
Change component parameters (AddParameter): Name = "Manufacturing Part Number"; Value = "C0805C104J5RACTU"; VariantName = "[No Variations]"
Change component parameters (AddParameter): Name = "Supplier Part Number-1"; Value = "399-1171-1-ND"; VariantName = "[No Variations]"
Change component parameters (AddParameter): Name = "Supplier-1"; Value = "Digikey"; VariantName = "[No Variations]"
Change component parameters: Designator = "C14" ("C14"); Footprint = "CAP_0603"; UniqueID = "\RCYLIBRC" ("\RCYLIBRC")
Change component parameters (AddParameter): Name = "Case/Package"; Value = "0805 (2012 Metric)"; VariantName = "[No Variations]"
Change component parameters (AddParameter): Name = "Manufacturer"; Value = "KEMET"; VariantName = "[No Variations]"
Change component parameters (AddParameter): Name = "Manufacturing Part Number"; Value = "C0805C104J5RACTU"; VariantName = "[No Variations]"
Change component parameters (AddParameter): Name = "Supplier Part Number-1"; Value = "399-1171-1-ND"; VariantName = "[No Variations]"
Change component parameters (AddParameter): Name = "Supplier-1"; Value = "Digikey"; VariantName = "[No Variations]"
Added Pin To Net: NetName=+5V Pin=C1-2
Added Pin To Net: NetName=+5V Pin=C3-2
Added Pin To Net: NetName=+3V3 Pin=C8-2
Added Pin To Net: NetName=+3V3 Pin=C11-2
Added Pin To Net: NetName=+3V3 Pin=C12-2
Added Pin To Net: NetName=+3V3 Pin=C13-2
Added Pin To Net: NetName=+3V3 Pin=J1-1
Added Pin To Net: NetName=+3V3 Pin=J1-2
Added Pin To Net: NetName=BOOT0 Pin=J1-3
Added Pin To Net: NetName=BOOT1 Pin=J1-4
Added Pin To Net: NetName=GND Pin=J1-5
Added Pin To Net: NetName=GND Pin=J1-6
Added Pin To Net: NetName=GND Pin=J2-1
Added Pin To Net: NetName=SWCLK Pin=J2-2
Added Pin To Net: NetName=SWDIO Pin=J2-3
Added Pin To Net: NetName=+3V3 Pin=J2-4
Added Pin To Net: NetName=NetC2_2 Pin=C2-2
Added Pin To Net: NetName=NetC2_2 Pin=FB1-2
Added Pin To Net: NetName=NetC2_2 Pin=J3-1
Added Net: Name=NetC2_2
Added Pin To Net: NetName=NetC9_2 Pin=C9-2
Added Pin To Net: NetName=NetC9_2 Pin=REG1-4
Added Net: Name=NetC9_2
Change Class Name : Old Net Name=[2]- Connector_Page New Net Name=[3]-PowerIN_Page
Added Class: Name=[2]- Connector_Page
Added Member To Class: ClassName=[3]-PowerIN_Page Member=Component C1 2.2u
Added Member To Class: ClassName=[3]-PowerIN_Page Member=Component C2 2.2u
Added Member To Class: ClassName=[3]-PowerIN_Page Member=Component C3 0.1uF
Added Member To Class: ClassName=[3]-PowerIN_Page Member=Component C4 0.1uF
Added Member To Class: ClassName=[3]-PowerIN_Page Member=Component C14 0.1uF
Added Member To Class: ClassName=[3]-PowerIN_Page Member=Component C15 0.1uF
Added Room: Name=[3]-PowerIN_Page
