Removed Pin From Net: NetName=PWM1 Pin=J5-1
Removed Pin From Net: NetName=PWM2 Pin=J5-2
Removed Pin From Net: NetName=+3V3 Pin=J5-3
Removed Pin From Net: NetName=USART3_TX Pin=J6-1
Removed Pin From Net: NetName=USART3_RX Pin=J6-2
Removed Pin From Net: NetName=+3V3 Pin=J6-3
Removed Pin From Net: NetName=+5V Pin=J6-4
Removed Pin From Net: NetName=GND Pin=J6-5
Removed Pin From Net: NetName=GND Pin=J6-6
Removed Pin From Net: NetName=+3V3 Pin=J7-3
Removed Pin From Net: NetName=GND Pin=J7-5
Removed Pin From Net: NetName=GND Pin=J7-6
Removed Pin From Net: NetName=+3V3 Pin=J8-3
Removed Pin From Net: NetName=+5V Pin=J8-4
Removed Pin From Net: NetName=GND Pin=J8-5
Removed Pin From Net: NetName=GND Pin=J8-6
Removed Pin From Net: NetName=ADC1_IN0 Pin=J9-1
Removed Pin From Net: NetName=ADC1_IN1 Pin=J9-2
Removed Pin From Net: NetName=+3V3 Pin=J9-3
Removed Pin From Net: NetName=+5V Pin=J9-4
Removed Pin From Net: NetName=GND Pin=J9-5
Removed Pin From Net: NetName=GND Pin=J9-6
Removed Pin From Net: NetName=ENCODER B1 Pin=J10-1
Removed Pin From Net: NetName=ENCODER B2 Pin=J10-2
Removed Pin From Net: NetName=+3V3 Pin=J10-3
Removed Pin From Net: NetName=+5V Pin=J10-4
Removed Pin From Net: NetName=GND Pin=J10-5
Removed Pin From Net: NetName=GND Pin=J10-6
Removed Pin From Net: NetName=USART1_TX Pin=J11-1
Removed Pin From Net: NetName=USART1_RX Pin=J11-2
Removed Pin From Net: NetName=+3V3 Pin=J11-3
Removed Pin From Net: NetName=GND Pin=J11-5
Removed Pin From Net: NetName=GND Pin=J11-6
Removed Pin From Net: NetName=ENCODER A1 Pin=J12-1
Removed Pin From Net: NetName=ENCODER A2 Pin=J12-2
Removed Pin From Net: NetName=+3V3 Pin=J12-3
Removed Pin From Net: NetName=+5V Pin=J12-4
Removed Pin From Net: NetName=GND Pin=J12-5
Removed Pin From Net: NetName=GND Pin=J12-6
Removed Pin From Net: NetName=SPI1_NSS Pin=J14-1
Removed Pin From Net: NetName=SPI1_SCK Pin=J14-2
Removed Pin From Net: NetName=SPI1_MISO Pin=J14-3
Removed Pin From Net: NetName=SPI1_MOSI Pin=J14-4
Removed Pin From Net: NetName=+3V3 Pin=J14-5
Removed Pin From Net: NetName=+5V Pin=J14-6
Removed Pin From Net: NetName=GND Pin=J14-7
Removed Pin From Net: NetName=GND Pin=J14-8
Change Component Footprint: Designator=J6 Old Footprint=CON6_100_59D78_TH_ST_Duplicate New Footprint=CON4_100_59D78_TH_ST_Duplicate
Change Component Footprint: Designator=J7 Old Footprint=CON6_100_59D78_TH_ST_Duplicate New Footprint=CON4_100_59D78_TH_ST_Duplicate
Change Component Footprint: Designator=J8 Old Footprint=CON6_100_59D78_TH_ST_Duplicate New Footprint=CON4_100_59D78_TH_ST_Duplicate
Change Component Footprint: Designator=J9 Old Footprint=CON6_100_59D78_TH_ST_Duplicate New Footprint=CON4_100_59D78_TH_ST_Duplicate
Change Component Footprint: Designator=J10 Old Footprint=CON6_100_59D78_TH_ST_Duplicate New Footprint=CON4_100_59D78_TH_ST_Duplicate
Change Component Footprint: Designator=J11 Old Footprint=CON6_100_59D78_TH_ST_Duplicate New Footprint=CON4_100_59D78_TH_ST_Duplicate
Change Component Footprint: Designator=J12 Old Footprint=CON6_100_59D78_TH_ST_Duplicate New Footprint=CON4_100_59D78_TH_ST_Duplicate
Change Component Footprint: Designator=J14 Old Footprint=CON8_100_59D78_TH_ST_Duplicate New Footprint=CON4_100_59D78_TH_ST_Duplicate
Change Component Comment : Designator=J14 Old Comment=2X4 Berg Strip New Comment=2X3 Berg Strip
Change component parameters: Designator = "J6" ("J6"); Footprint = "CON6_100_59D78_TH_ST_Duplicate"; UniqueID = "\DQRYLZWS" ("\DQRYLZWS")
Change component parameters: Designator = "J7" ("J7"); Footprint = "CON6_100_59D78_TH_ST_Duplicate"; UniqueID = "\CBOARQDN" ("\CBOARQDN")
Change component parameters: Designator = "J8" ("J8"); Footprint = "CON6_100_59D78_TH_ST_Duplicate"; UniqueID = "\PWUWSRXM" ("\PWUWSRXM")
Change component parameters: Designator = "J9" ("J9"); Footprint = "CON6_100_59D78_TH_ST_Duplicate"; UniqueID = "\QSMJKGGX" ("\QSMJKGGX")
Change component parameters: Designator = "J10" ("J10"); Footprint = "CON6_100_59D78_TH_ST_Duplicate"; UniqueID = "\ULVPAKGX" ("\ULVPAKGX")
Change component parameters: Designator = "J11" ("J11"); Footprint = "CON6_100_59D78_TH_ST_Duplicate"; UniqueID = "\PRERXJMX" ("\PRERXJMX")
Change component parameters: Designator = "J12" ("J12"); Footprint = "CON6_100_59D78_TH_ST_Duplicate"; UniqueID = "\GCBSAATC" ("\GCBSAATC")
Added Pin To Net: NetName=SPI1_NSS Pin=J5-1
Added Pin To Net: NetName=SPI1_SCK Pin=J5-2
Added Pin To Net: NetName=SPI1_MISO Pin=J5-3
Added Pin To Net: NetName=SPI1_MOSI Pin=J5-4
Added Pin To Net: NetName=PWM1 Pin=J6-1
Added Pin To Net: NetName=PWM2 Pin=J6-2
Added Pin To Net: NetName=GND Pin=J6-3
Added Pin To Net: NetName=GND Pin=J6-4
Added Pin To Net: NetName=GND Pin=J7-3
Added Pin To Net: NetName=GND Pin=J7-4
Added Pin To Net: NetName=GND Pin=J8-3
Added Pin To Net: NetName=GND Pin=J8-4
Added Pin To Net: NetName=ENCODER A1 Pin=J9-1
Added Pin To Net: NetName=ENCODER A2 Pin=J9-2
Added Pin To Net: NetName=GND Pin=J9-3
Added Pin To Net: NetName=GND Pin=J9-4
Added Pin To Net: NetName=USART3_TX Pin=J10-1
Added Pin To Net: NetName=USART3_RX Pin=J10-2
Added Pin To Net: NetName=GND Pin=J10-3
Added Pin To Net: NetName=GND Pin=J10-4
Added Pin To Net: NetName=ENCODER B1 Pin=J11-1
Added Pin To Net: NetName=ENCODER B2 Pin=J11-2
Added Pin To Net: NetName=GND Pin=J11-3
Added Pin To Net: NetName=GND Pin=J11-4
Added Pin To Net: NetName=USART1_TX Pin=J12-1
Added Pin To Net: NetName=USART1_RX Pin=J12-2
Added Pin To Net: NetName=GND Pin=J12-3
Added Pin To Net: NetName=GND Pin=J12-4
Added Pin To Net: NetName=ADC1_IN0 Pin=J14-1
Added Pin To Net: NetName=ADC1_IN1 Pin=J14-2
Added Pin To Net: NetName=GND Pin=J14-3
Added Pin To Net: NetName=GND Pin=J14-4
