Removed Pin From Net: NetName=GND Pin=J4-1
Removed Pin From Net: NetName=+3V3 Pin=J4-2
Removed Pin From Net: NetName=PB5 Pin=J4-5
Removed Pin From Net: NetName=PB15 Pin=J4-14
Removed Pin From Net: NetName=PB14 Pin=J4-15
Removed Pin From Net: NetName=PB13 Pin=J4-16
Removed Pin From Net: NetName=PB12 Pin=J4-17
Removed Pin From Net: NetName=+3V3 Pin=J4-18
Removed Pin From Net: NetName=GND Pin=J4-19
Removed Pin From Net: NetName=GND Pin=J4-20
Removed Pin From Net: NetName=GND Pin=J5-1
Removed Pin From Net: NetName=PC13 Pin=J5-4
Removed Pin From Net: NetName=NRST Pin=J5-5
Removed Pin From Net: NetName=PA3 Pin=J5-9
Removed Pin From Net: NetName=+3V3 Pin=J5-18
Removed Pin From Net: NetName=GND Pin=J5-19
Removed Pin From Net: NetName=GND Pin=J5-20
Removed Pin From Net: NetName=+3V3 Pin=U1-1
Removed Pin From Net: NetName=+3V3 Pin=U1-9
Removed Pin From Net: NetName=PB12 Pin=U1-25
Change Component Footprint: Designator=J4 Old Footprint=CON20_100_40D72_TH_ST New Footprint=BARRA DE PINOS 11 PIN -MACHO
Change Component Footprint: Designator=J5 Old Footprint=CON20_100_40D72_TH_ST New Footprint=CON6_100_59D78_TH_ST_Duplicate
Change Component Comment : Designator=J5 Old Comment=20X1 Bergstrip New Comment=2X3 Berg Strip
Change Component Comment : Designator=J4 Old Comment=20X1 Bergstrip New Comment=BARRA DE PINOS 11
Change component parameters: Designator = "J5" ("J5"); Footprint = "CON20_100_40D72_TH_ST"; UniqueID = "\IMOBLJZB" ("\IMOBLJZB")
Change component parameters (AddParameter): Name = "Case/Package"; Value = "TH"; VariantName = "[No Variations]"
Change component parameters (AddParameter): Name = "Manufacturer"; Value = "NA"; VariantName = "[No Variations]"
Change component parameters (AddParameter): Name = "Manufacturer Part Number"; Value = "NA"; VariantName = "[No Variations]"
Change component parameters (AddParameter): Name = "Supplier Part Number-1"; Value = "NA"; VariantName = "[No Variations]"
Change component parameters (AddParameter): Name = "Supplier-1"; Value = "NA"; VariantName = "[No Variations]"
Change component parameters: Designator = "J4" ("J4"); Footprint = "CON20_100_40D72_TH_ST"; UniqueID = "\HAEHWALW" ("\HAEHWALW")
Added Component: Designator=J6(CON6_100_59D78_TH_ST_Duplicate)
Add component (AddParameter): Name = "Case/Package"; Value = "TH"; VariantName = "[No Variations]"
Add component (AddParameter): Name = "Manufacturer"; Value = "NA"; VariantName = "[No Variations]"
Add component (AddParameter): Name = "Manufacturer Part Number"; Value = "NA"; VariantName = "[No Variations]"
Add component (AddParameter): Name = "Supplier Part Number-1"; Value = "NA"; VariantName = "[No Variations]"
Add component (AddParameter): Name = "Supplier-1"; Value = "NA"; VariantName = "[No Variations]"
Added Component: Designator=J7(CON6_100_59D78_TH_ST_Duplicate)
Add component (AddParameter): Name = "Case/Package"; Value = "TH"; VariantName = "[No Variations]"
Add component (AddParameter): Name = "Manufacturer"; Value = "NA"; VariantName = "[No Variations]"
Add component (AddParameter): Name = "Manufacturer Part Number"; Value = "NA"; VariantName = "[No Variations]"
Add component (AddParameter): Name = "Supplier Part Number-1"; Value = "NA"; VariantName = "[No Variations]"
Add component (AddParameter): Name = "Supplier-1"; Value = "NA"; VariantName = "[No Variations]"
Added Component: Designator=J8(CON6_100_59D78_TH_ST_Duplicate)
Add component (AddParameter): Name = "Case/Package"; Value = "TH"; VariantName = "[No Variations]"
Add component (AddParameter): Name = "Manufacturer"; Value = "NA"; VariantName = "[No Variations]"
Add component (AddParameter): Name = "Manufacturer Part Number"; Value = "NA"; VariantName = "[No Variations]"
Add component (AddParameter): Name = "Supplier Part Number-1"; Value = "NA"; VariantName = "[No Variations]"
Add component (AddParameter): Name = "Supplier-1"; Value = "NA"; VariantName = "[No Variations]"
Added Component: Designator=J9(CON6_100_59D78_TH_ST_Duplicate)
Add component (AddParameter): Name = "Case/Package"; Value = "TH"; VariantName = "[No Variations]"
Add component (AddParameter): Name = "Manufacturer"; Value = "NA"; VariantName = "[No Variations]"
Add component (AddParameter): Name = "Manufacturer Part Number"; Value = "NA"; VariantName = "[No Variations]"
Add component (AddParameter): Name = "Supplier Part Number-1"; Value = "NA"; VariantName = "[No Variations]"
Add component (AddParameter): Name = "Supplier-1"; Value = "NA"; VariantName = "[No Variations]"
Added Component: Designator=J10(CON6_100_59D78_TH_ST_Duplicate)
Add component (AddParameter): Name = "Case/Package"; Value = "TH"; VariantName = "[No Variations]"
Add component (AddParameter): Name = "Manufacturer"; Value = "NA"; VariantName = "[No Variations]"
Add component (AddParameter): Name = "Manufacturer Part Number"; Value = "NA"; VariantName = "[No Variations]"
Add component (AddParameter): Name = "Supplier Part Number-1"; Value = "NA"; VariantName = "[No Variations]"
Add component (AddParameter): Name = "Supplier-1"; Value = "NA"; VariantName = "[No Variations]"
Added Component: Designator=J11(CON6_100_59D78_TH_ST_Duplicate)
Add component (AddParameter): Name = "Case/Package"; Value = "TH"; VariantName = "[No Variations]"
Add component (AddParameter): Name = "Manufacturer"; Value = "NA"; VariantName = "[No Variations]"
Add component (AddParameter): Name = "Manufacturer Part Number"; Value = "NA"; VariantName = "[No Variations]"
Add component (AddParameter): Name = "Supplier Part Number-1"; Value = "NA"; VariantName = "[No Variations]"
Add component (AddParameter): Name = "Supplier-1"; Value = "NA"; VariantName = "[No Variations]"
Added Component: Designator=J12(CON6_100_59D78_TH_ST_Duplicate)
Add component (AddParameter): Name = "Case/Package"; Value = "TH"; VariantName = "[No Variations]"
Add component (AddParameter): Name = "Manufacturer"; Value = "NA"; VariantName = "[No Variations]"
Add component (AddParameter): Name = "Manufacturer Part Number"; Value = "NA"; VariantName = "[No Variations]"
Add component (AddParameter): Name = "Supplier Part Number-1"; Value = "NA"; VariantName = "[No Variations]"
Add component (AddParameter): Name = "Supplier-1"; Value = "NA"; VariantName = "[No Variations]"
Added Pin To Net: NetName=PC13 Pin=J4-1
Added Pin To Net: NetName=PA3 Pin=J4-2
Added Pin To Net: NetName=PB13 Pin=J4-3
Added Pin To Net: NetName=PB14 Pin=J4-4
Added Pin To Net: NetName=PB15 Pin=J4-5
Added Pin To Net: NetName=PB5 Pin=J4-7
Added Pin To Net: NetName=+3V3 Pin=J5-3
Added Pin To Net: NetName=GND Pin=J5-5
Added Pin To Net: NetName=GND Pin=J5-6
Added Pin To Net: NetName=+3V3 Pin=J6-3
Added Pin To Net: NetName=+5V Pin=J6-4
Added Pin To Net: NetName=GND Pin=J6-5
Added Pin To Net: NetName=GND Pin=J6-6
Added Pin To Net: NetName=+3V3 Pin=J7-3
Added Pin To Net: NetName=GND Pin=J7-5
Added Pin To Net: NetName=GND Pin=J7-6
Added Pin To Net: NetName=+3V3 Pin=J8-3
Added Pin To Net: NetName=+5V Pin=J8-4
Added Pin To Net: NetName=GND Pin=J8-5
Added Pin To Net: NetName=GND Pin=J8-6
Added Pin To Net: NetName=+3V3 Pin=J9-3
Added Pin To Net: NetName=+5V Pin=J9-4
Added Pin To Net: NetName=GND Pin=J9-5
Added Pin To Net: NetName=GND Pin=J9-6
Added Pin To Net: NetName=+3V3 Pin=J10-3
Added Pin To Net: NetName=+5V Pin=J10-4
Added Pin To Net: NetName=GND Pin=J10-5
Added Pin To Net: NetName=GND Pin=J10-6
Added Pin To Net: NetName=+3V3 Pin=J11-3
Added Pin To Net: NetName=GND Pin=J11-5
Added Pin To Net: NetName=GND Pin=J11-6
Added Pin To Net: NetName=+3V3 Pin=J12-3
Added Pin To Net: NetName=+5V Pin=J12-4
Added Pin To Net: NetName=GND Pin=J12-5
Added Pin To Net: NetName=GND Pin=J12-6
Added Pin To Net: NetName=ADC1_IN0 Pin=J9-1
Added Pin To Net: NetName=ADC1_IN0 Pin=U1-10
Added Net: Name=ADC1_IN0
Added Pin To Net: NetName=ADC1_IN1 Pin=J9-2
Added Pin To Net: NetName=ADC1_IN1 Pin=U1-11
Added Net: Name=ADC1_IN1
Added Pin To Net: NetName=ADC Pin=U1-1
Added Pin To Net: NetName=ADC Pin=U1-9
Added Net: Name=ADC
Added Pin To Net: NetName=CAN_RX Pin=J8-2
Added Pin To Net: NetName=CAN_RX Pin=U1-45
Added Net: Name=CAN_RX
Added Pin To Net: NetName=CAN_TX Pin=J8-1
Added Pin To Net: NetName=CAN_TX Pin=U1-46
Added Net: Name=CAN_TX
Added Pin To Net: NetName=ENCODER A1 Pin=J12-1
Added Pin To Net: NetName=ENCODER A1 Pin=U1-12
Added Net: Name=ENCODER A1
Added Pin To Net: NetName=ENCODER A2 Pin=J12-2
Added Pin To Net: NetName=ENCODER A2 Pin=U1-18
Added Net: Name=ENCODER A2
Added Pin To Net: NetName=ENCODER B1 Pin=J10-1
Added Pin To Net: NetName=ENCODER B1 Pin=U1-39
Added Net: Name=ENCODER B1
Added Pin To Net: NetName=ENCODER B2 Pin=J10-2
Added Pin To Net: NetName=ENCODER B2 Pin=U1-19
Added Net: Name=ENCODER B2
Added Pin To Net: NetName=I2C1_SCL Pin=J7-2
Added Pin To Net: NetName=I2C1_SCL Pin=U1-42
Added Net: Name=I2C1_SCL
Added Pin To Net: NetName=I2C1_SDA Pin=J7-1
Added Pin To Net: NetName=I2C1_SDA Pin=U1-43
Added Net: Name=I2C1_SDA
Added Pin To Net: NetName=LED Pin=U1-25
Added Net: Name=LED
Added Pin To Net: NetName=PWM1 Pin=J5-1
Added Pin To Net: NetName=PWM1 Pin=U1-29
Added Net: Name=PWM1
Added Pin To Net: NetName=PWM2 Pin=J5-2
Added Pin To Net: NetName=PWM2 Pin=U1-38
Added Net: Name=PWM2
Added Pin To Net: NetName=SPI1_MISO Pin=U1-16
Added Net: Name=SPI1_MISO
Added Pin To Net: NetName=SPI1_MOSI Pin=U1-17
Added Net: Name=SPI1_MOSI
Added Pin To Net: NetName=SPI1_NSS Pin=U1-14
Added Net: Name=SPI1_NSS
Added Pin To Net: NetName=SPI1_SCK Pin=U1-15
Added Net: Name=SPI1_SCK
Added Pin To Net: NetName=USART1_RX Pin=J11-2
Added Pin To Net: NetName=USART1_RX Pin=U1-31
Added Net: Name=USART1_RX
Added Pin To Net: NetName=USART1_TX Pin=J11-1
Added Pin To Net: NetName=USART1_TX Pin=U1-30
Added Net: Name=USART1_TX
Added Pin To Net: NetName=USART3_RX Pin=J6-2
Added Pin To Net: NetName=USART3_RX Pin=U1-22
Added Net: Name=USART3_RX
Added Pin To Net: NetName=USART3_TX Pin=J6-1
Added Pin To Net: NetName=USART3_TX Pin=U1-21
Added Net: Name=USART3_TX
Added Member To Class: ClassName=[2]- Connector_Page Member=Component J6 2X3 Berg Strip
Added Member To Class: ClassName=[2]- Connector_Page Member=Component J7 2X3 Berg Strip
Added Member To Class: ClassName=[2]- Connector_Page Member=Component J8 2X3 Berg Strip
Added Member To Class: ClassName=[2]- Connector_Page Member=Component J9 2X3 Berg Strip
Added Member To Class: ClassName=[2]- Connector_Page Member=Component J10 2X3 Berg Strip
Added Member To Class: ClassName=[2]- Connector_Page Member=Component J11 2X3 Berg Strip
Added Member To Class: ClassName=[2]- Connector_Page Member=Component J12 2X3 Berg Strip
